<?xml version="1.0" encoding="UTF-8"?>
<!-- Generated by org.testng.reporters.JUnitReportReporter -->
<testsuite hostname="DESKTOP-31B80VT" failures="0" tests="1" name="restassured.EndToEnd" time="8.233" errors="0" timestamp="2022-08-02T22:06:33 IST" skipped="0">
  <testcase classname="restassured.EndToEnd" name="test1" time="8.233"/>
  <system-out/>
</testsuite> <!-- restassured.EndToEnd -->
